Arguments: 
  C:\Program Files\nodejs\node.exe C:\Program Files (x86)\Yarn\bin\yarn.js

PATH: 
  C:\Program Files\Common Files\Oracle\Java\javapath;C:\Program Files (x86)\Common Files\Oracle\Java\javapath;C:\WINDOWS\system32;C:\WINDOWS;C:\WINDOWS\System32\Wbem;C:\WINDOWS\System32\WindowsPowerShell\v1.0\;C:\WINDOWS\System32\OpenSSH\;C:\Program Files\nodejs\;C:\Program Files\Microsoft VS Code\bin;C:\ProgramData\chocolatey\bin;C:\Program Files (x86)\Yarn\bin\;C:\Program Files\Git\cmd;C:\tools\php80;C:\ProgramData\ComposerSetup\bin;C:\Program Files\PuTTY\;C:\Program Files\PostgreSQL\13\bin;C:\Program Files\PostgreSQL\13\lib;C:\ffmpeg;C:\Users\Martin\.cargo\bin;C:\Users\Martin\AppData\Local\Microsoft\WindowsApps;C:\Users\Martin\AppData\Roaming\npm;C:\Users\Martin\AppData\Local\Yarn\bin;C:\Program Files (x86)\GitHub CLI\;C:\Users\Martin\AppData\Local\GitHubDesktop\bin;C:\Users\Martin\AppData\Roaming\Composer\vendor\bin;C:\Users\Martin\AppData\Local\Programs\Microsoft VS Code Insiders\bin;C:\Users\Martin\yakpro-po;C:\Users\Martin\Desktop\PM4\bin\php

Yarn version: 
  1.22.5

Node version: 
  16.10.0

Platform: 
  win32 x64

Trace: 
  Error: https://registry.yarnpkg.com/carbon-icons-svelte/-/carbon-icons-svelte-10.38.0.tgz: ESOCKETTIMEDOUT
      at ClientRequest.<anonymous> (C:\Program Files (x86)\Yarn\lib\cli.js:141376:19)
      at Object.onceWrapper (node:events:509:28)
      at ClientRequest.emit (node:events:390:28)
      at TLSSocket.emitRequestTimeout (node:_http_client:761:9)
      at Object.onceWrapper (node:events:509:28)
      at TLSSocket.emit (node:events:402:35)
      at TLSSocket.Socket._onTimeout (node:net:486:8)
      at listOnTimeout (node:internal/timers:557:17)
      at processTimers (node:internal/timers:500:7)

npm manifest: 
  {
  	"name": "chat-app",
  	"author": "mzztin",
  	"version": "0.0.1",
  	"type": "module",
  	"scripts": {
  		"build": "svelte-kit build",
  		"check": "svelte-check --tsconfig ./tsconfig.json",
  		"check:watch": "svelte-check --tsconfig ./tsconfig.json --watch",
  		"dev": "svelte-kit dev",
  		"format": "prettier --write --plugin-search-dir=. .",
  		"lint": "prettier --check --plugin-search-dir=. . && eslint --ignore-path .gitignore .",
  		"preview": "svelte-kit preview"
  	},
  	"dependencies": {
  		"@fontsource/fira-mono": "^4.5.0",
  		"@lukeed/uuid": "^2.0.0"
  	},
  	"devDependencies": {
  		"@sveltejs/adapter-node": "^1.0.0-next.55",
  		"@sveltejs/kit": "1.0.0-next.176",
  		"@types/cookie": "^0.4.1",
  		"@typescript-eslint/eslint-plugin": "^4.33.0",
  		"@typescript-eslint/parser": "^4.33.0",
  		"@urql/svelte": "^1.3.2",
  		"carbon-components-svelte": "0.42.2",
  		"carbon-icons-svelte": "^10.38.0",
  		"carbon-preprocess-svelte": "^0.6.0",
  		"cookie": "^0.4.1",
  		"eslint": "^7.32.0",
  		"eslint-config-prettier": "^8.3.0",
  		"eslint-plugin-svelte3": "^3.2.1",
  		"moment": "^2.29.1",
  		"path": "^0.12.7",
  		"prettier": "~2.2.1",
  		"prettier-plugin-svelte": "^2.4.0",
  		"sass": "^1.43.4",
  		"svelte": "^3.44.1",
  		"svelte-check": "^2.2.8",
  		"svelte-preprocess": "^4.9.8",
  		"tslib": "^2.3.1",
  		"typescript": "^4.4.4",
  		"urql": "^2.0.5",
  		"ws": "^8.2.3"
  	}
  }

yarn manifest: 
  No manifest

Lockfile: 
  No lockfile
